<?xml version="1.0" encoding="UTF-8"?>
<testsuite xmlns:xsi="http://www.w3.org/2001/XMLSchema-instance" xsi:noNamespaceSchemaLocation="https://maven.apache.org/surefire/maven-surefire-plugin/xsd/surefire-test-report.xsd" name="edu.coderhouse.jpa.JpaApplicationTests" time="8.354" tests="1" errors="0" skipped="0" failures="0">
  <properties>
    <property name="java.specification.version" value="17"/>
    <property name="sun.jnu.encoding" value="UTF-8"/>
    <property name="java.class.path" value="/home/federico/Desktop/Facturacion/target/test-classes:/home/federico/Desktop/Facturacion/target/classes:/home/federico/.m2/repository/org/springframework/boot/spring-boot-starter-data-jpa/2.5.14/spring-boot-starter-data-jpa-2.5.14.jar:/home/federico/.m2/repository/org/springframework/boot/spring-boot-starter-aop/2.5.14/spring-boot-starter-aop-2.5.14.jar:/home/federico/.m2/repository/org/springframework/spring-aop/5.3.20/spring-aop-5.3.20.jar:/home/federico/.m2/repository/org/aspectj/aspectjweaver/1.9.7/aspectjweaver-1.9.7.jar:/home/federico/.m2/repository/org/springframework/boot/spring-boot-starter-jdbc/2.5.14/spring-boot-starter-jdbc-2.5.14.jar:/home/federico/.m2/repository/com/zaxxer/HikariCP/4.0.3/HikariCP-4.0.3.jar:/home/federico/.m2/repository/org/springframework/spring-jdbc/5.3.20/spring-jdbc-5.3.20.jar:/home/federico/.m2/repository/jakarta/transaction/jakarta.transaction-api/1.3.3/jakarta.transaction-api-1.3.3.jar:/home/federico/.m2/repository/jakarta/persistence/jakarta.persistence-api/2.2.3/jakarta.persistence-api-2.2.3.jar:/home/federico/.m2/repository/org/hibernate/hibernate-core/5.4.33/hibernate-core-5.4.33.jar:/home/federico/.m2/repository/org/jboss/logging/jboss-logging/3.4.3.Final/jboss-logging-3.4.3.Final.jar:/home/federico/.m2/repository/org/javassist/javassist/3.27.0-GA/javassist-3.27.0-GA.jar:/home/federico/.m2/repository/net/bytebuddy/byte-buddy/1.10.22/byte-buddy-1.10.22.jar:/home/federico/.m2/repository/antlr/antlr/2.7.7/antlr-2.7.7.jar:/home/federico/.m2/repository/org/jboss/jandex/2.2.3.Final/jandex-2.2.3.Final.jar:/home/federico/.m2/repository/com/fasterxml/classmate/1.5.1/classmate-1.5.1.jar:/home/federico/.m2/repository/org/dom4j/dom4j/2.1.3/dom4j-2.1.3.jar:/home/federico/.m2/repository/org/hibernate/common/hibernate-commons-annotations/5.1.2.Final/hibernate-commons-annotations-5.1.2.Final.jar:/home/federico/.m2/repository/org/glassfish/jaxb/jaxb-runtime/2.3.6/jaxb-runtime-2.3.6.jar:/home/federico/.m2/repository/org/glassfish/jaxb/txw2/2.3.6/txw2-2.3.6.jar:/home/federico/.m2/repository/com/sun/istack/istack-commons-runtime/3.0.12/istack-commons-runtime-3.0.12.jar:/home/federico/.m2/repository/com/sun/activation/jakarta.activation/1.2.2/jakarta.activation-1.2.2.jar:/home/federico/.m2/repository/org/springframework/data/spring-data-jpa/2.5.11/spring-data-jpa-2.5.11.jar:/home/federico/.m2/repository/org/springframework/data/spring-data-commons/2.5.11/spring-data-commons-2.5.11.jar:/home/federico/.m2/repository/org/springframework/spring-orm/5.3.20/spring-orm-5.3.20.jar:/home/federico/.m2/repository/org/springframework/spring-context/5.3.20/spring-context-5.3.20.jar:/home/federico/.m2/repository/org/springframework/spring-tx/5.3.20/spring-tx-5.3.20.jar:/home/federico/.m2/repository/org/springframework/spring-beans/5.3.20/spring-beans-5.3.20.jar:/home/federico/.m2/repository/org/slf4j/slf4j-api/1.7.36/slf4j-api-1.7.36.jar:/home/federico/.m2/repository/org/springframework/spring-aspects/5.3.20/spring-aspects-5.3.20.jar:/home/federico/.m2/repository/org/springframework/boot/spring-boot-starter-web/2.5.14/spring-boot-starter-web-2.5.14.jar:/home/federico/.m2/repository/org/springframework/boot/spring-boot-starter/2.5.14/spring-boot-starter-2.5.14.jar:/home/federico/.m2/repository/org/springframework/boot/spring-boot/2.5.14/spring-boot-2.5.14.jar:/home/federico/.m2/repository/org/springframework/boot/spring-boot-autoconfigure/2.5.14/spring-boot-autoconfigure-2.5.14.jar:/home/federico/.m2/repository/org/springframework/boot/spring-boot-starter-logging/2.5.14/spring-boot-starter-logging-2.5.14.jar:/home/federico/.m2/repository/ch/qos/logback/logback-classic/1.2.11/logback-classic-1.2.11.jar:/home/federico/.m2/repository/ch/qos/logback/logback-core/1.2.11/logback-core-1.2.11.jar:/home/federico/.m2/repository/org/apache/logging/log4j/log4j-to-slf4j/2.17.2/log4j-to-slf4j-2.17.2.jar:/home/federico/.m2/repository/org/apache/logging/log4j/log4j-api/2.17.2/log4j-api-2.17.2.jar:/home/federico/.m2/repository/org/slf4j/jul-to-slf4j/1.7.36/jul-to-slf4j-1.7.36.jar:/home/federico/.m2/repository/jakarta/annotation/jakarta.annotation-api/1.3.5/jakarta.annotation-api-1.3.5.jar:/home/federico/.m2/repository/org/yaml/snakeyaml/1.28/snakeyaml-1.28.jar:/home/federico/.m2/repository/org/springframework/boot/spring-boot-starter-json/2.5.14/spring-boot-starter-json-2.5.14.jar:/home/federico/.m2/repository/com/fasterxml/jackson/core/jackson-databind/2.12.6.1/jackson-databind-2.12.6.1.jar:/home/federico/.m2/repository/com/fasterxml/jackson/core/jackson-annotations/2.12.6/jackson-annotations-2.12.6.jar:/home/federico/.m2/repository/com/fasterxml/jackson/core/jackson-core/2.12.6/jackson-core-2.12.6.jar:/home/federico/.m2/repository/com/fasterxml/jackson/datatype/jackson-datatype-jdk8/2.12.6/jackson-datatype-jdk8-2.12.6.jar:/home/federico/.m2/repository/com/fasterxml/jackson/datatype/jackson-datatype-jsr310/2.12.6/jackson-datatype-jsr310-2.12.6.jar:/home/federico/.m2/repository/com/fasterxml/jackson/module/jackson-module-parameter-names/2.12.6/jackson-module-parameter-names-2.12.6.jar:/home/federico/.m2/repository/org/springframework/boot/spring-boot-starter-tomcat/2.5.14/spring-boot-starter-tomcat-2.5.14.jar:/home/federico/.m2/repository/org/apache/tomcat/embed/tomcat-embed-core/9.0.63/tomcat-embed-core-9.0.63.jar:/home/federico/.m2/repository/org/apache/tomcat/embed/tomcat-embed-el/9.0.63/tomcat-embed-el-9.0.63.jar:/home/federico/.m2/repository/org/apache/tomcat/embed/tomcat-embed-websocket/9.0.63/tomcat-embed-websocket-9.0.63.jar:/home/federico/.m2/repository/org/springframework/spring-web/5.3.20/spring-web-5.3.20.jar:/home/federico/.m2/repository/org/springframework/spring-webmvc/5.3.20/spring-webmvc-5.3.20.jar:/home/federico/.m2/repository/org/springframework/spring-expression/5.3.20/spring-expression-5.3.20.jar:/home/federico/.m2/repository/com/h2database/h2/1.4.200/h2-1.4.200.jar:/home/federico/.m2/repository/org/springframework/boot/spring-boot-starter-test/2.5.14/spring-boot-starter-test-2.5.14.jar:/home/federico/.m2/repository/org/springframework/boot/spring-boot-test/2.5.14/spring-boot-test-2.5.14.jar:/home/federico/.m2/repository/org/springframework/boot/spring-boot-test-autoconfigure/2.5.14/spring-boot-test-autoconfigure-2.5.14.jar:/home/federico/.m2/repository/com/jayway/jsonpath/json-path/2.5.0/json-path-2.5.0.jar:/home/federico/.m2/repository/net/minidev/json-smart/2.4.8/json-smart-2.4.8.jar:/home/federico/.m2/repository/net/minidev/accessors-smart/2.4.8/accessors-smart-2.4.8.jar:/home/federico/.m2/repository/org/ow2/asm/asm/9.1/asm-9.1.jar:/home/federico/.m2/repository/jakarta/xml/bind/jakarta.xml.bind-api/2.3.3/jakarta.xml.bind-api-2.3.3.jar:/home/federico/.m2/repository/jakarta/activation/jakarta.activation-api/1.2.2/jakarta.activation-api-1.2.2.jar:/home/federico/.m2/repository/org/assertj/assertj-core/3.19.0/assertj-core-3.19.0.jar:/home/federico/.m2/repository/org/hamcrest/hamcrest/2.2/hamcrest-2.2.jar:/home/federico/.m2/repository/org/junit/jupiter/junit-jupiter/5.7.2/junit-jupiter-5.7.2.jar:/home/federico/.m2/repository/org/junit/jupiter/junit-jupiter-api/5.7.2/junit-jupiter-api-5.7.2.jar:/home/federico/.m2/repository/org/apiguardian/apiguardian-api/1.1.0/apiguardian-api-1.1.0.jar:/home/federico/.m2/repository/org/opentest4j/opentest4j/1.2.0/opentest4j-1.2.0.jar:/home/federico/.m2/repository/org/junit/platform/junit-platform-commons/1.7.2/junit-platform-commons-1.7.2.jar:/home/federico/.m2/repository/org/junit/jupiter/junit-jupiter-params/5.7.2/junit-jupiter-params-5.7.2.jar:/home/federico/.m2/repository/org/junit/jupiter/junit-jupiter-engine/5.7.2/junit-jupiter-engine-5.7.2.jar:/home/federico/.m2/repository/org/junit/platform/junit-platform-engine/1.7.2/junit-platform-engine-1.7.2.jar:/home/federico/.m2/repository/org/mockito/mockito-core/3.9.0/mockito-core-3.9.0.jar:/home/federico/.m2/repository/net/bytebuddy/byte-buddy-agent/1.10.22/byte-buddy-agent-1.10.22.jar:/home/federico/.m2/repository/org/objenesis/objenesis/3.2/objenesis-3.2.jar:/home/federico/.m2/repository/org/mockito/mockito-junit-jupiter/3.9.0/mockito-junit-jupiter-3.9.0.jar:/home/federico/.m2/repository/org/skyscreamer/jsonassert/1.5.0/jsonassert-1.5.0.jar:/home/federico/.m2/repository/com/vaadin/external/google/android-json/0.0.20131108.vaadin1/android-json-0.0.20131108.vaadin1.jar:/home/federico/.m2/repository/org/springframework/spring-core/5.3.20/spring-core-5.3.20.jar:/home/federico/.m2/repository/org/springframework/spring-jcl/5.3.20/spring-jcl-5.3.20.jar:/home/federico/.m2/repository/org/springframework/spring-test/5.3.20/spring-test-5.3.20.jar:/home/federico/.m2/repository/org/xmlunit/xmlunit-core/2.8.4/xmlunit-core-2.8.4.jar:/home/federico/.m2/repository/org/projectlombok/lombok/1.18.26/lombok-1.18.26.jar:/home/federico/.m2/repository/com/google/code/gson/gson/2.8.9/gson-2.8.9.jar:"/>
    <property name="java.vm.vendor" value="Private Build"/>
    <property name="sun.arch.data.model" value="64"/>
    <property name="java.vendor.url" value="Unknown"/>
    <property name="os.name" value="Linux"/>
    <property name="java.vm.specification.version" value="17"/>
    <property name="sun.java.launcher" value="SUN_STANDARD"/>
    <property name="user.country" value="US"/>
    <property name="sun.boot.library.path" value="/usr/lib/jvm/java-17-openjdk-amd64/lib"/>
    <property name="sun.java.command" value="/home/federico/Desktop/Facturacion/target/surefire/surefirebooter8012294497104012461.jar /home/federico/Desktop/Facturacion/target/surefire 2023-04-04T23-43-34_016-jvmRun1 surefire6352928396276601147tmp surefire_012238130329394477995tmp"/>
    <property name="jdk.debug" value="release"/>
    <property name="surefire.test.class.path" value="/home/federico/Desktop/Facturacion/target/test-classes:/home/federico/Desktop/Facturacion/target/classes:/home/federico/.m2/repository/org/springframework/boot/spring-boot-starter-data-jpa/2.5.14/spring-boot-starter-data-jpa-2.5.14.jar:/home/federico/.m2/repository/org/springframework/boot/spring-boot-starter-aop/2.5.14/spring-boot-starter-aop-2.5.14.jar:/home/federico/.m2/repository/org/springframework/spring-aop/5.3.20/spring-aop-5.3.20.jar:/home/federico/.m2/repository/org/aspectj/aspectjweaver/1.9.7/aspectjweaver-1.9.7.jar:/home/federico/.m2/repository/org/springframework/boot/spring-boot-starter-jdbc/2.5.14/spring-boot-starter-jdbc-2.5.14.jar:/home/federico/.m2/repository/com/zaxxer/HikariCP/4.0.3/HikariCP-4.0.3.jar:/home/federico/.m2/repository/org/springframework/spring-jdbc/5.3.20/spring-jdbc-5.3.20.jar:/home/federico/.m2/repository/jakarta/transaction/jakarta.transaction-api/1.3.3/jakarta.transaction-api-1.3.3.jar:/home/federico/.m2/repository/jakarta/persistence/jakarta.persistence-api/2.2.3/jakarta.persistence-api-2.2.3.jar:/home/federico/.m2/repository/org/hibernate/hibernate-core/5.4.33/hibernate-core-5.4.33.jar:/home/federico/.m2/repository/org/jboss/logging/jboss-logging/3.4.3.Final/jboss-logging-3.4.3.Final.jar:/home/federico/.m2/repository/org/javassist/javassist/3.27.0-GA/javassist-3.27.0-GA.jar:/home/federico/.m2/repository/net/bytebuddy/byte-buddy/1.10.22/byte-buddy-1.10.22.jar:/home/federico/.m2/repository/antlr/antlr/2.7.7/antlr-2.7.7.jar:/home/federico/.m2/repository/org/jboss/jandex/2.2.3.Final/jandex-2.2.3.Final.jar:/home/federico/.m2/repository/com/fasterxml/classmate/1.5.1/classmate-1.5.1.jar:/home/federico/.m2/repository/org/dom4j/dom4j/2.1.3/dom4j-2.1.3.jar:/home/federico/.m2/repository/org/hibernate/common/hibernate-commons-annotations/5.1.2.Final/hibernate-commons-annotations-5.1.2.Final.jar:/home/federico/.m2/repository/org/glassfish/jaxb/jaxb-runtime/2.3.6/jaxb-runtime-2.3.6.jar:/home/federico/.m2/repository/org/glassfish/jaxb/txw2/2.3.6/txw2-2.3.6.jar:/home/federico/.m2/repository/com/sun/istack/istack-commons-runtime/3.0.12/istack-commons-runtime-3.0.12.jar:/home/federico/.m2/repository/com/sun/activation/jakarta.activation/1.2.2/jakarta.activation-1.2.2.jar:/home/federico/.m2/repository/org/springframework/data/spring-data-jpa/2.5.11/spring-data-jpa-2.5.11.jar:/home/federico/.m2/repository/org/springframework/data/spring-data-commons/2.5.11/spring-data-commons-2.5.11.jar:/home/federico/.m2/repository/org/springframework/spring-orm/5.3.20/spring-orm-5.3.20.jar:/home/federico/.m2/repository/org/springframework/spring-context/5.3.20/spring-context-5.3.20.jar:/home/federico/.m2/repository/org/springframework/spring-tx/5.3.20/spring-tx-5.3.20.jar:/home/federico/.m2/repository/org/springframework/spring-beans/5.3.20/spring-beans-5.3.20.jar:/home/federico/.m2/repository/org/slf4j/slf4j-api/1.7.36/slf4j-api-1.7.36.jar:/home/federico/.m2/repository/org/springframework/spring-aspects/5.3.20/spring-aspects-5.3.20.jar:/home/federico/.m2/repository/org/springframework/boot/spring-boot-starter-web/2.5.14/spring-boot-starter-web-2.5.14.jar:/home/federico/.m2/repository/org/springframework/boot/spring-boot-starter/2.5.14/spring-boot-starter-2.5.14.jar:/home/federico/.m2/repository/org/springframework/boot/spring-boot/2.5.14/spring-boot-2.5.14.jar:/home/federico/.m2/repository/org/springframework/boot/spring-boot-autoconfigure/2.5.14/spring-boot-autoconfigure-2.5.14.jar:/home/federico/.m2/repository/org/springframework/boot/spring-boot-starter-logging/2.5.14/spring-boot-starter-logging-2.5.14.jar:/home/federico/.m2/repository/ch/qos/logback/logback-classic/1.2.11/logback-classic-1.2.11.jar:/home/federico/.m2/repository/ch/qos/logback/logback-core/1.2.11/logback-core-1.2.11.jar:/home/federico/.m2/repository/org/apache/logging/log4j/log4j-to-slf4j/2.17.2/log4j-to-slf4j-2.17.2.jar:/home/federico/.m2/repository/org/apache/logging/log4j/log4j-api/2.17.2/log4j-api-2.17.2.jar:/home/federico/.m2/repository/org/slf4j/jul-to-slf4j/1.7.36/jul-to-slf4j-1.7.36.jar:/home/federico/.m2/repository/jakarta/annotation/jakarta.annotation-api/1.3.5/jakarta.annotation-api-1.3.5.jar:/home/federico/.m2/repository/org/yaml/snakeyaml/1.28/snakeyaml-1.28.jar:/home/federico/.m2/repository/org/springframework/boot/spring-boot-starter-json/2.5.14/spring-boot-starter-json-2.5.14.jar:/home/federico/.m2/repository/com/fasterxml/jackson/core/jackson-databind/2.12.6.1/jackson-databind-2.12.6.1.jar:/home/federico/.m2/repository/com/fasterxml/jackson/core/jackson-annotations/2.12.6/jackson-annotations-2.12.6.jar:/home/federico/.m2/repository/com/fasterxml/jackson/core/jackson-core/2.12.6/jackson-core-2.12.6.jar:/home/federico/.m2/repository/com/fasterxml/jackson/datatype/jackson-datatype-jdk8/2.12.6/jackson-datatype-jdk8-2.12.6.jar:/home/federico/.m2/repository/com/fasterxml/jackson/datatype/jackson-datatype-jsr310/2.12.6/jackson-datatype-jsr310-2.12.6.jar:/home/federico/.m2/repository/com/fasterxml/jackson/module/jackson-module-parameter-names/2.12.6/jackson-module-parameter-names-2.12.6.jar:/home/federico/.m2/repository/org/springframework/boot/spring-boot-starter-tomcat/2.5.14/spring-boot-starter-tomcat-2.5.14.jar:/home/federico/.m2/repository/org/apache/tomcat/embed/tomcat-embed-core/9.0.63/tomcat-embed-core-9.0.63.jar:/home/federico/.m2/repository/org/apache/tomcat/embed/tomcat-embed-el/9.0.63/tomcat-embed-el-9.0.63.jar:/home/federico/.m2/repository/org/apache/tomcat/embed/tomcat-embed-websocket/9.0.63/tomcat-embed-websocket-9.0.63.jar:/home/federico/.m2/repository/org/springframework/spring-web/5.3.20/spring-web-5.3.20.jar:/home/federico/.m2/repository/org/springframework/spring-webmvc/5.3.20/spring-webmvc-5.3.20.jar:/home/federico/.m2/repository/org/springframework/spring-expression/5.3.20/spring-expression-5.3.20.jar:/home/federico/.m2/repository/com/h2database/h2/1.4.200/h2-1.4.200.jar:/home/federico/.m2/repository/org/springframework/boot/spring-boot-starter-test/2.5.14/spring-boot-starter-test-2.5.14.jar:/home/federico/.m2/repository/org/springframework/boot/spring-boot-test/2.5.14/spring-boot-test-2.5.14.jar:/home/federico/.m2/repository/org/springframework/boot/spring-boot-test-autoconfigure/2.5.14/spring-boot-test-autoconfigure-2.5.14.jar:/home/federico/.m2/repository/com/jayway/jsonpath/json-path/2.5.0/json-path-2.5.0.jar:/home/federico/.m2/repository/net/minidev/json-smart/2.4.8/json-smart-2.4.8.jar:/home/federico/.m2/repository/net/minidev/accessors-smart/2.4.8/accessors-smart-2.4.8.jar:/home/federico/.m2/repository/org/ow2/asm/asm/9.1/asm-9.1.jar:/home/federico/.m2/repository/jakarta/xml/bind/jakarta.xml.bind-api/2.3.3/jakarta.xml.bind-api-2.3.3.jar:/home/federico/.m2/repository/jakarta/activation/jakarta.activation-api/1.2.2/jakarta.activation-api-1.2.2.jar:/home/federico/.m2/repository/org/assertj/assertj-core/3.19.0/assertj-core-3.19.0.jar:/home/federico/.m2/repository/org/hamcrest/hamcrest/2.2/hamcrest-2.2.jar:/home/federico/.m2/repository/org/junit/jupiter/junit-jupiter/5.7.2/junit-jupiter-5.7.2.jar:/home/federico/.m2/repository/org/junit/jupiter/junit-jupiter-api/5.7.2/junit-jupiter-api-5.7.2.jar:/home/federico/.m2/repository/org/apiguardian/apiguardian-api/1.1.0/apiguardian-api-1.1.0.jar:/home/federico/.m2/repository/org/opentest4j/opentest4j/1.2.0/opentest4j-1.2.0.jar:/home/federico/.m2/repository/org/junit/platform/junit-platform-commons/1.7.2/junit-platform-commons-1.7.2.jar:/home/federico/.m2/repository/org/junit/jupiter/junit-jupiter-params/5.7.2/junit-jupiter-params-5.7.2.jar:/home/federico/.m2/repository/org/junit/jupiter/junit-jupiter-engine/5.7.2/junit-jupiter-engine-5.7.2.jar:/home/federico/.m2/repository/org/junit/platform/junit-platform-engine/1.7.2/junit-platform-engine-1.7.2.jar:/home/federico/.m2/repository/org/mockito/mockito-core/3.9.0/mockito-core-3.9.0.jar:/home/federico/.m2/repository/net/bytebuddy/byte-buddy-agent/1.10.22/byte-buddy-agent-1.10.22.jar:/home/federico/.m2/repository/org/objenesis/objenesis/3.2/objenesis-3.2.jar:/home/federico/.m2/repository/org/mockito/mockito-junit-jupiter/3.9.0/mockito-junit-jupiter-3.9.0.jar:/home/federico/.m2/repository/org/skyscreamer/jsonassert/1.5.0/jsonassert-1.5.0.jar:/home/federico/.m2/repository/com/vaadin/external/google/android-json/0.0.20131108.vaadin1/android-json-0.0.20131108.vaadin1.jar:/home/federico/.m2/repository/org/springframework/spring-core/5.3.20/spring-core-5.3.20.jar:/home/federico/.m2/repository/org/springframework/spring-jcl/5.3.20/spring-jcl-5.3.20.jar:/home/federico/.m2/repository/org/springframework/spring-test/5.3.20/spring-test-5.3.20.jar:/home/federico/.m2/repository/org/xmlunit/xmlunit-core/2.8.4/xmlunit-core-2.8.4.jar:/home/federico/.m2/repository/org/projectlombok/lombok/1.18.26/lombok-1.18.26.jar:/home/federico/.m2/repository/com/google/code/gson/gson/2.8.9/gson-2.8.9.jar:"/>
    <property name="sun.cpu.endian" value="little"/>
    <property name="user.home" value="/home/federico"/>
    <property name="user.language" value="en"/>
    <property name="java.specification.vendor" value="Oracle Corporation"/>
    <property name="java.version.date" value="2023-01-17"/>
    <property name="java.home" value="/usr/lib/jvm/java-17-openjdk-amd64"/>
    <property name="file.separator" value="/"/>
    <property name="basedir" value="/home/federico/Desktop/Facturacion"/>
    <property name="java.vm.compressedOopsMode" value="32-bit"/>
    <property name="line.separator" value="&#10;"/>
    <property name="java.vm.specification.vendor" value="Oracle Corporation"/>
    <property name="java.specification.name" value="Java Platform API Specification"/>
    <property name="surefire.real.class.path" value="/home/federico/Desktop/Facturacion/target/surefire/surefirebooter8012294497104012461.jar"/>
    <property name="sun.management.compiler" value="HotSpot 64-Bit Tiered Compilers"/>
    <property name="java.runtime.version" value="17.0.6+10-Ubuntu-0ubuntu122.04"/>
    <property name="user.name" value="federico"/>
    <property name="path.separator" value=":"/>
    <property name="os.version" value="5.15.0-69-generic"/>
    <property name="java.runtime.name" value="OpenJDK Runtime Environment"/>
    <property name="file.encoding" value="UTF-8"/>
    <property name="java.vm.name" value="OpenJDK 64-Bit Server VM"/>
    <property name="localRepository" value="/home/federico/.m2/repository"/>
    <property name="java.vendor.url.bug" value="Unknown"/>
    <property name="java.io.tmpdir" value="/tmp"/>
    <property name="java.version" value="17.0.6"/>
    <property name="user.dir" value="/home/federico/Desktop/Facturacion"/>
    <property name="os.arch" value="amd64"/>
    <property name="java.vm.specification.name" value="Java Virtual Machine Specification"/>
    <property name="native.encoding" value="UTF-8"/>
    <property name="java.library.path" value="/usr/java/packages/lib:/usr/lib/x86_64-linux-gnu/jni:/lib/x86_64-linux-gnu:/usr/lib/x86_64-linux-gnu:/usr/lib/jni:/lib:/usr/lib"/>
    <property name="java.vm.info" value="mixed mode, sharing"/>
    <property name="java.vendor" value="Private Build"/>
    <property name="java.vm.version" value="17.0.6+10-Ubuntu-0ubuntu122.04"/>
    <property name="sun.io.unicode.encoding" value="UnicodeLittle"/>
    <property name="java.class.version" value="61.0"/>
  </properties>
  <testcase name="contextLoads" classname="edu.coderhouse.jpa.JpaApplicationTests" time="0.425"/>
</testsuite>